[GIN-debug] [WARNING] Creating an Engine instance with the Logger and Recovery middleware already attached.

[GIN-debug] [WARNING] Running in "debug" mode. Switch to "release" mode in production.
 - using env:	export GIN_MODE=release
 - using code:	gin.SetMode(gin.ReleaseMode)

[GIN-debug] GET    /css/*filepath            --> github.com/gin-gonic/gin.(*RouterGroup).createStaticHandler.func1 (4 handlers)
[GIN-debug] HEAD   /css/*filepath            --> github.com/gin-gonic/gin.(*RouterGroup).createStaticHandler.func1 (4 handlers)
[GIN-debug] GET    /js/*filepath             --> github.com/gin-gonic/gin.(*RouterGroup).createStaticHandler.func1 (4 handlers)
[GIN-debug] HEAD   /js/*filepath             --> github.com/gin-gonic/gin.(*RouterGroup).createStaticHandler.func1 (4 handlers)
[GIN-debug] GET    /img/*filepath            --> github.com/gin-gonic/gin.(*RouterGroup).createStaticHandler.func1 (4 handlers)
[GIN-debug] HEAD   /img/*filepath            --> github.com/gin-gonic/gin.(*RouterGroup).createStaticHandler.func1 (4 handlers)
[GIN-debug] GET    /fonts/*filepath          --> github.com/gin-gonic/gin.(*RouterGroup).createStaticHandler.func1 (4 handlers)
[GIN-debug] HEAD   /fonts/*filepath          --> github.com/gin-gonic/gin.(*RouterGroup).createStaticHandler.func1 (4 handlers)
[GIN-debug] GET    /images/*filepath         --> github.com/gin-gonic/gin.(*RouterGroup).createStaticHandler.func1 (4 handlers)
[GIN-debug] HEAD   /images/*filepath         --> github.com/gin-gonic/gin.(*RouterGroup).createStaticHandler.func1 (4 handlers)
[GIN-debug] GET    /favicon.ico              --> github.com/gin-gonic/gin.(*RouterGroup).StaticFile.func1 (4 handlers)
[GIN-debug] HEAD   /favicon.ico              --> github.com/gin-gonic/gin.(*RouterGroup).StaticFile.func1 (4 handlers)
[GIN-debug] GET    /ping                     --> lchat/service/router.ping (5 handlers)
[GIN-debug] GET    /                         --> lchat/service/router.indexPage (5 handlers)
[GIN-debug] GET    /login                    --> lchat/service/router.loginPage (5 handlers)
[GIN-debug] POST   /login                    --> lchat/service/router.login (5 handlers)
[GIN-debug] GET    /logout                   --> lchat/service/router.logout (5 handlers)
[GIN-debug] GET    /register                 --> lchat/service/router.registerPage (5 handlers)
[GIN-debug] GET    /registerCode             --> lchat/service/router.getRegisterCode (5 handlers)
[GIN-debug] POST   /register                 --> lchat/service/router.register (5 handlers)
[GIN-debug] GET    /post                     --> lchat/service/router.postPage (5 handlers)
[GIN-debug] GET    /oauth/:oauthType         --> lchat/service/router.oauth (5 handlers)
[GIN-debug] GET    /oauth/:oauthType/callback --> lchat/service/router.oauthCallback (5 handlers)
[GIN-debug] GET    /post/edit                --> lchat/service/router.postEditPage (6 handlers)
[GIN-debug] POST   /post/publish             --> lchat/service/router.postPublish (6 handlers)
[GIN-debug] POST   /post/addTag              --> lchat/service/router.postAddTag (6 handlers)
[GIN-debug] DELETE /post/removeTag           --> lchat/service/router.postRemoveTag (6 handlers)
[GIN-debug] GET    /user/posts               --> lchat/service/router.userPostsPage (6 handlers)
[GIN-debug] POST   /upload                   --> lchat/service/router.upload (6 handlers)
[GIN-debug] Listening and serving HTTP on :8080
[GIN] 2020/05/26 - 21:59:06 | 200 |    6.588536ms |             ::1 | GET      "/"
[GIN] 2020/05/26 - 21:59:06 | 200 |   10.997574ms |             ::1 | GET      "/css/style.css"
[GIN] 2020/05/26 - 21:59:06 | 200 |   11.380984ms |             ::1 | GET      "/css/bootstrap.min.css"
[GIN] 2020/05/26 - 21:59:06 | 200 |   10.294574ms |             ::1 | GET      "/js/bootstrap.bundle.min.js"
[GIN] 2020/05/26 - 21:59:06 | 200 |   11.027052ms |             ::1 | GET      "/js/jquery-3.5.1.min.js"
[GIN] 2020/05/26 - 21:59:07 | 200 |      77.846µs |             ::1 | GET      "/favicon.ico"
[GIN] 2020/05/26 - 22:05:03 | 200 |    1.455889ms |             ::1 | GET      "/login"
[GIN] 2020/05/26 - 22:05:03 | 200 |     310.124µs |             ::1 | GET      "/css/font-awesome.css"
[GIN] 2020/05/26 - 22:05:03 | 200 |     144.303µs |             ::1 | GET      "/fonts/fa-brands-400.woff2"
[GIN] 2020/05/26 - 22:08:40 | 200 |    3.131308ms |             ::1 | GET      "/register"
[GIN] 2020/05/26 - 22:09:03 | 200 |   86.064905ms |             ::1 | POST     "/login"
[GIN] 2020/05/26 - 22:09:03 | 200 |    3.917857ms |             ::1 | GET      "/"
[GIN] 2020/05/26 - 22:09:08 | 200 |    2.873505ms |             ::1 | GET      "/post?postId=1"
[GIN] 2020/05/26 - 22:09:08 | 200 |       92.94µs |             ::1 | GET      "/css/atelier-forest-dark.min.css"
[GIN] 2020/05/26 - 22:10:31 | 200 |    5.442444ms |             ::1 | GET      "/user/posts"
[GIN] 2020/05/26 - 22:10:34 | 200 |    1.372753ms |             ::1 | GET      "/post/edit"
[GIN] 2020/05/26 - 22:10:34 | 200 |     200.563µs |             ::1 | GET      "/css/simplemde.min.css"
[GIN] 2020/05/26 - 22:10:34 | 200 |     454.629µs |             ::1 | GET      "/js/simplemde.min.js"
[GIN] 2020/05/26 - 22:10:34 | 200 |     241.929µs |             ::1 | GET      "/js/highlight.min.js"
[GIN] 2020/05/26 - 22:10:34 | 200 |     384.802µs |             ::1 | GET      "/fonts/fa-solid-900.woff2"
[GIN] 2020/05/26 - 22:12:38 | 200 |   36.540303ms |             ::1 | POST     "/post/publish"
[GIN] 2020/05/26 - 22:12:41 | 200 |    4.139186ms |             ::1 | GET      "/post/edit?postId=2"
[GIN] 2020/05/26 - 22:12:45 | 200 |    3.824906ms |             ::1 | GET      "/user/posts"
[GIN] 2020/05/26 - 22:13:32 | 200 |   24.810114ms |             ::1 | POST     "/post/addTag"
[GIN] 2020/05/26 - 22:13:32 | 200 |   14.150857ms |             ::1 | GET      "/post/edit?postId=2"
[GIN] 2020/05/26 - 22:14:07 | 200 |    2.264313ms |             ::1 | GET      "/post/edit"
[GIN] 2020/05/26 - 22:14:11 | 200 |     6.53856ms |             ::1 | GET      "/user/posts"
[GIN] 2020/05/26 - 22:17:09 | 303 |     863.696µs |             ::1 | GET      "/logout"
[GIN] 2020/05/26 - 22:17:09 | 200 |    4.271612ms |             ::1 | GET      "/login"
